{"numTotalTestSuites":2,"numPassedTestSuites":0,"numFailedTestSuites":2,"numPendingTestSuites":0,"numTotalTests":3,"numPassedTests":2,"numFailedTests":1,"numPendingTests":0,"numTodoTests":0,"snapshot":{"added":0,"failure":false,"filesAdded":0,"filesRemoved":0,"filesRemovedList":[],"filesUnmatched":0,"filesUpdated":0,"matched":0,"total":0,"unchecked":0,"uncheckedKeysByFile":[],"unmatched":0,"updated":0,"didUpdate":false},"startTime":1777905147597,"success":false,"testResults":[{"assertionResults":[{"ancestorTitles":["WorkerQrPage"],"fullName":"WorkerQrPage loads the employee profile and renders a live self-service QR card","status":"failed","title":"loads the employee profile and renders a live self-service QR card","duration":255.93779999999992,"failureMessages":["AssertionError: expected [ <strong></strong>, <td></td>, …(1) ] to have a length of 2 but got 3\n    at Proxy.<anonymous> (file:///C:/Users/ajayi/Projects/dangote-cms/frontend/node_modules/@vitest/expect/dist/index.js:1384:20)\n    at Proxy.<anonymous> (file:///C:/Users/ajayi/Projects/dangote-cms/frontend/node_modules/@vitest/expect/dist/index.js:1151:15)\n    at Proxy.methodWrapper (file:///C:/Users/ajayi/Projects/dangote-cms/frontend/node_modules/chai/index.js:1700:25)\n    at C:/Users/ajayi/Projects/dangote-cms/frontend/src/pages/WorkerQrPage.test.jsx:90:47\n    at file:///C:/Users/ajayi/Projects/dangote-cms/frontend/node_modules/@vitest/runner/dist/index.js:1258:20"],"meta":{},"tags":[]},{"ancestorTitles":["WorkerQrPage"],"fullName":"WorkerQrPage allows a worker to replace the temporary password from the portal","status":"passed","title":"allows a worker to replace the temporary password from the portal","duration":756.8075000000001,"failureMessages":[],"meta":{},"tags":[]},{"ancestorTitles":["WorkerQrPage"],"fullName":"WorkerQrPage lets a worker request delegated collection from the portal","status":"passed","title":"lets a worker request delegated collection from the portal","duration":716.1913,"failureMessages":[],"meta":{},"tags":[]}],"startTime":1777905149271,"endTime":1777905151000.1914,"status":"failed","message":"","name":"C:/Users/ajayi/Projects/dangote-cms/frontend/src/pages/WorkerQrPage.test.jsx"}]}